<?xml version="1.0" encoding="UTF-8"?>
<testng-results ignored="0" total="1" passed="1" failed="0" skipped="0">
  <reporter-output>
  </reporter-output>
  <suite started-at="2022-04-16T11:33:39 IST" name="Default suite" finished-at="2022-04-16T11:34:16 IST" duration-ms="37036">
    <groups>
    </groups>
    <test started-at="2022-04-16T11:33:39 IST" name="Default test" finished-at="2022-04-16T11:34:16 IST" duration-ms="37036">
      <class name="MavenScripts.SampleScript">
        <test-method signature="Launch()[pri:0, instance:MavenScripts.SampleScript@68c72235]" started-at="2022-04-16T11:33:39 IST" name="Launch" finished-at="2022-04-16T11:34:16 IST" duration-ms="36947" status="PASS">
          <reporter-output>
          </reporter-output>
        </test-method> <!-- Launch -->
      </class> <!-- MavenScripts.SampleScript -->
    </test> <!-- Default test -->
  </suite> <!-- Default suite -->
</testng-results>
